AudioAR/Library/Bee/Android/Prj/Mono2x/Gradle/launcher/build/intermediates/manifest_merge_blame_file/debug/manifest-merger-blame-debug-report.txt
1<?xml version="1.0" encoding="utf-8"?>
2<manifest xmlns:android="http://schemas.android.com/apk/res/android"
3    package="com.ArisGames.AudioAR"
4    android:installLocation="preferExternal"
5    android:versionCode="1"
6    android:versionName="0.1" >
7
8    <uses-sdk
9        android:minSdkVersion="24"
9-->src\main\AndroidManifest.xml
10        android:targetSdkVersion="30" />
10-->src\main\AndroidManifest.xml
11
12    <supports-screens
12-->src\main\AndroidManifest.xml:3:3-163
13        android:anyDensity="true"
13-->src\main\AndroidManifest.xml:3:135-160
14        android:largeScreens="true"
14-->src\main\AndroidManifest.xml:3:78-105
15        android:normalScreens="true"
15-->src\main\AndroidManifest.xml:3:49-77
16        android:smallScreens="true"
16-->src\main\AndroidManifest.xml:3:21-48
17        android:xlargeScreens="true" />
17-->src\main\AndroidManifest.xml:3:106-134
18
19    <uses-feature android:glEsVersion="0x00030000" />
19-->[:unityLibrary] AndroidManifest.xml:12:5-54
19-->[:unityLibrary] AndroidManifest.xml:12:19-51
20
21    <uses-permission android:name="android.permission.INTERNET" />
21-->[:unityLibrary] AndroidManifest.xml:14:5-67
21-->[:unityLibrary] AndroidManifest.xml:14:22-64
22    <uses-permission android:name="android.permission.ACCESS_NETWORK_STATE" />
22-->[:unityLibrary] AndroidManifest.xml:15:5-79
22-->[:unityLibrary] AndroidManifest.xml:15:22-76
23
24    <uses-feature
24-->[:unityLibrary] AndroidManifest.xml:17:5-19:36
25        android:name="android.hardware.touchscreen"
25-->[:unityLibrary] AndroidManifest.xml:18:9-52
26        android:required="false" />
26-->[:unityLibrary] AndroidManifest.xml:19:9-33
27    <uses-feature
27-->[:unityLibrary] AndroidManifest.xml:20:5-22:36
28        android:name="android.hardware.touchscreen.multitouch"
28-->[:unityLibrary] AndroidManifest.xml:21:9-63
29        android:required="false" />
29-->[:unityLibrary] AndroidManifest.xml:22:9-33
30    <uses-feature
30-->[:unityLibrary] AndroidManifest.xml:23:5-25:36
31        android:name="android.hardware.touchscreen.multitouch.distinct"
31-->[:unityLibrary] AndroidManifest.xml:24:9-72
32        android:required="false" />
32-->[:unityLibrary] AndroidManifest.xml:25:9-33
33
34    <uses-permission android:name="android.permission.CAMERA" />
34-->[:unityLibrary] AndroidManifest.xml:27:5-65
34-->[:unityLibrary] AndroidManifest.xml:27:22-62
35
36    <uses-feature
36-->[:unityLibrary] AndroidManifest.xml:29:5-31:35
37        android:name="android.hardware.camera.ar"
37-->[:unityLibrary] AndroidManifest.xml:30:9-50
38        android:required="true" />
38-->[:unityLibrary] AndroidManifest.xml:31:9-32
39    <uses-feature
39-->[:unityLibrary] AndroidManifest.xml:32:5-34:35
40        android:name="com.google.ar.core.depth"
40-->[:unityLibrary] AndroidManifest.xml:33:9-48
41        android:required="true" />
41-->[:unityLibrary] AndroidManifest.xml:34:9-32
42
43    <queries>
43-->[:arcore_client:] AndroidManifest.xml:29:5-31:15
44        <package android:name="com.google.ar.core" />
44-->[:arcore_client:] AndroidManifest.xml:30:9-54
44-->[:arcore_client:] AndroidManifest.xml:30:18-51
45    </queries>
46
47    <application
47-->src\main\AndroidManifest.xml:4:3-83
48        android:debuggable="true"
49        android:extractNativeLibs="true"
49-->[:unityLibrary] AndroidManifest.xml:36:18-50
50        android:icon="@mipmap/app_icon"
50-->src\main\AndroidManifest.xml:4:49-80
51        android:label="@string/app_name" >
51-->src\main\AndroidManifest.xml:4:16-48
52        <activity
52-->[:unityLibrary] AndroidManifest.xml:37:9-54:20
53            android:name="com.unity3d.player.UnityPlayerActivity"
53-->[:unityLibrary] AndroidManifest.xml:38:13-66
54            android:configChanges="mcc|mnc|locale|touchscreen|keyboard|keyboardHidden|navigation|orientation|screenLayout|uiMode|screenSize|smallestScreenSize|fontScale|layoutDirection|density"
54-->[:unityLibrary] AndroidManifest.xml:39:13-194
55            android:hardwareAccelerated="false"
55-->[:unityLibrary] AndroidManifest.xml:40:13-48
56            android:launchMode="singleTask"
56-->[:unityLibrary] AndroidManifest.xml:41:13-44
57            android:resizeableActivity="false"
57-->[:unityLibrary] AndroidManifest.xml:42:13-47
58            android:screenOrientation="landscape"
58-->[:unityLibrary] AndroidManifest.xml:43:13-50
59            android:theme="@style/UnityThemeSelector" >
59-->[:unityLibrary] AndroidManifest.xml:44:13-54
60            <intent-filter>
60-->[:unityLibrary] AndroidManifest.xml:45:13-49:29
61                <action android:name="android.intent.action.MAIN" />
61-->[:unityLibrary] AndroidManifest.xml:46:17-69
61-->[:unityLibrary] AndroidManifest.xml:46:25-66
62
63                <category android:name="android.intent.category.LAUNCHER" />
63-->[:unityLibrary] AndroidManifest.xml:48:17-77
63-->[:unityLibrary] AndroidManifest.xml:48:27-74
64            </intent-filter>
65
66            <meta-data
66-->[:unityLibrary] AndroidManifest.xml:51:13-53:40
67                android:name="unityplayer.UnityActivity"
67-->[:unityLibrary] AndroidManifest.xml:52:17-57
68                android:value="true" />
68-->[:unityLibrary] AndroidManifest.xml:53:17-37
69        </activity>
70
71        <meta-data
71-->[:unityLibrary] AndroidManifest.xml:56:9-58:33
72            android:name="unity.splash-mode"
72-->[:unityLibrary] AndroidManifest.xml:57:13-45
73            android:value="0" />
73-->[:unityLibrary] AndroidManifest.xml:58:13-30
74        <meta-data
74-->[:unityLibrary] AndroidManifest.xml:59:9-61:36
75            android:name="unity.splash-enable"
75-->[:unityLibrary] AndroidManifest.xml:60:13-47
76            android:value="True" />
76-->[:unityLibrary] AndroidManifest.xml:61:13-33
77        <meta-data
77-->[:unityLibrary] AndroidManifest.xml:62:9-64:36
78            android:name="unity.launch-fullscreen"
78-->[:unityLibrary] AndroidManifest.xml:63:13-51
79            android:value="True" />
79-->[:unityLibrary] AndroidManifest.xml:64:13-33
80        <meta-data
80-->[:unityLibrary] AndroidManifest.xml:65:9-67:37
81            android:name="unity.allow-resizable-window"
81-->[:unityLibrary] AndroidManifest.xml:66:13-56
82            android:value="False" />
82-->[:unityLibrary] AndroidManifest.xml:67:13-34
83        <meta-data
83-->[:unityLibrary] AndroidManifest.xml:68:9-70:36
84            android:name="unityplayer.SkipPermissionsDialog"
84-->[:unityLibrary] AndroidManifest.xml:69:13-61
85            android:value="true" />
85-->[:unityLibrary] AndroidManifest.xml:70:13-33
86        <meta-data
86-->[:unityLibrary] AndroidManifest.xml:71:9-73:40
87            android:name="com.google.ar.core"
87-->[:unityLibrary] AndroidManifest.xml:72:13-46
88            android:value="required" /> <!-- The minimal version code of ARCore APK required for an app using this SDK. -->
88-->[:unityLibrary] AndroidManifest.xml:73:13-37
89        <meta-data
89-->[:arcore_client:] AndroidManifest.xml:36:9-38:41
90            android:name="com.google.ar.core.min_apk_version"
90-->[:arcore_client:] AndroidManifest.xml:37:13-62
91            android:value="210910000" /> <!-- This activity is critical for installing ARCore when it is not already present. -->
91-->[:arcore_client:] AndroidManifest.xml:38:13-38
92        <activity
92-->[:arcore_client:] AndroidManifest.xml:40:9-46:80
93            android:name="com.google.ar.core.InstallActivity"
93-->[:arcore_client:] AndroidManifest.xml:41:13-62
94            android:configChanges="keyboardHidden|orientation|screenSize"
94-->[:arcore_client:] AndroidManifest.xml:42:13-74
95            android:excludeFromRecents="true"
95-->[:arcore_client:] AndroidManifest.xml:43:13-46
96            android:exported="false"
96-->[:arcore_client:] AndroidManifest.xml:44:13-37
97            android:launchMode="singleTop"
97-->[:arcore_client:] AndroidManifest.xml:45:13-43
98            android:theme="@android:style/Theme.Material.Light.Dialog.Alert" />
98-->[:arcore_client:] AndroidManifest.xml:46:13-77
99    </application>
100
101</manifest>